SF:lib/networking.dart
DA:16,0
DA:18,0
DA:19,0
DA:20,0
DA:25,0
DA:26,0
DA:27,0
DA:28,0
DA:29,0
DA:30,0
DA:31,0
DA:34,0
DA:36,0
DA:38,0
DA:42,0
DA:43,0
DA:44,0
DA:45,0
DA:48,0
DA:53,0
DA:54,0
DA:55,0
DA:56,0
DA:57,0
DA:59,0
DA:60,0
DA:63,0
DA:64,0
DA:67,1
DA:68,1
DA:69,1
DA:70,2
DA:71,1
DA:72,2
DA:73,3
DA:74,2
DA:75,2
DA:76,2
DA:82,0
DA:83,0
DA:84,0
DA:85,0
DA:86,0
DA:87,0
DA:88,0
DA:89,0
DA:90,0
DA:91,0
DA:98,1
DA:99,1
DA:100,1
DA:101,2
DA:102,0
DA:104,0
DA:105,0
DA:106,0
DA:108,0
DA:109,0
DA:113,1
DA:114,1
DA:115,1
DA:116,2
DA:123,0
DA:125,0
DA:126,0
DA:127,0
DA:131,0
DA:132,0
DA:133,0
DA:144,1
LF:70
LH:19
end_of_record
SF:lib/user_model2.dart
DA:7,0
DA:9,0
DA:12,1
DA:20,0
DA:21,0
DA:22,0
DA:25,0
DA:26,0
DA:27,0
LF:9
LH:1
end_of_record
SF:lib/user_model_list.dart
DA:7,6
DA:9,0
DA:12,2
DA:20,2
DA:21,1
DA:22,1
DA:25,0
DA:26,0
DA:27,0
LF:9
LH:5
end_of_record
SF:lib/home.dart
DA:13,2
DA:16,1
DA:18,1
DA:20,1
DA:29,1
DA:33,1
DA:34,1
DA:52,1
DA:54,1
DA:55,1
DA:56,3
DA:61,1
DA:62,1
DA:63,1
DA:64,1
DA:65,1
DA:66,1
DA:68,1
DA:69,1
DA:71,1
DA:72,1
DA:74,1
DA:78,1
DA:84,1
DA:85,1
DA:86,1
DA:87,2
DA:88,1
DA:89,1
DA:90,1
DA:91,1
DA:92,1
DA:96,0
DA:97,0
DA:98,0
DA:99,0
DA:100,0
DA:101,0
DA:110,1
DA:112,1
DA:113,1
DA:114,0
DA:115,0
DA:116,0
DA:118,0
DA:119,0
DA:120,0
DA:121,0
DA:140,1
DA:141,0
DA:142,0
DA:143,0
DA:144,0
DA:145,0
DA:146,0
DA:147,0
DA:148,0
DA:149,0
LF:58
LH:36
end_of_record
SF:lib/main.dart
DA:11,0
DA:12,0
LF:2
LH:0
end_of_record
